android/app/build/outputs/mapping/release/seeds.txt
com.example.vespa_app.MainActivity
com.example.vespa_app.MainActivity: MainActivity()
...
com.onesignal.user.internal.subscriptions.impl.SubscriptionManager: void createSubscriptionAndAddToSubscriptionList(com.onesignal.user.internal.subscriptions.SubscriptionModel)
com.onesignal.notifications.internal.permissions.impl.NotificationPermissionController$registerPollingLifecycleListener$1: NotificationPermissionController$registerPollingLifecycleListener$1(com.onesignal.notifications.internal.permissions.impl.NotificationPermissionController)
com.onesignal.user.internal.operations.TransferSubscriptionOperation: void setOnesignalId(java.lang.String)
com.pichillilorenzo.flutter_inappwebview_android.types.UserContentController: void dispose()
com.onesignal.user.internal.operations.TrackSessionEndOperation: java.lang.String getCreateComparisonKey()
com.pichillilorenzo.flutter_inappwebview_android.webview.WebViewChannelDelegate: void onReceivedError(com.pichillilorenzo.flutter_inappwebview_android.types.WebResourceRequestExt,com.pichillilorenzo.flutter_inappwebview_android.types.WebResourceErrorExt)
androidx.appcompat.widget.Toolbar: java.util.ArrayList getCurrentMenuItems()
com.onesignal.inAppMessages.internal.InAppMessagesManager$start$1: java.lang.Object invokeSuspend(java.lang.Object)
com.onesignal.inAppMessages.internal.InAppMessagesManager$firePublicClickHandler$2: java.lang.Object invoke(com.onesignal.inAppMessages.IInAppMessageClickListener,kotlin.coroutines.Continuation)
com.onesignal.inAppMessages.internal.lifecycle.impl.IAMLifecycleService$messageWillDisplay$1: IAMLifecycleService$messageWillDisplay$1(com.onesignal.inAppMessages.internal.InAppMessage)
com.onesignal.notifications.internal.common.NotificationHelper: void assignGrouplessNotifications(android.content.Context,java.util.ArrayList)
com.onesignal.inAppMessages.internal.backend.impl.InAppBackendService$getIAMData$1: java.lang.Object invokeSuspend(java.lang.Object)
com.onesignal.core.internal.database.ICursor: java.lang.Float getOptFloat(java.lang.String)
com.onesignal.inAppMessages.internal.InAppMessagesManager$persistInAppMessage$1: InAppMessagesManager$persistInAppMessage$1(com.onesignal.inAppMessages.internal.InAppMessagesManager,kotlin.coroutines.Continuation)
com.onesignal.core.internal.operations.GroupComparisonType: com.onesignal.core.internal.operations.GroupComparisonType[] $values()
com.pichillilorenzo.flutter_inappwebview_android.webview.JavaScriptBridgeInterface$2$1: void error(java.lang.String,java.lang.String,java.lang.Object)
com.onesignal.session.internal.influence.impl.InfluenceConstants: java.lang.String getIAM_TAG()
com.onesignal.common.modeling.MapModel: java.lang.Object put(java.lang.String,java.lang.Object)
com.onesignal.user.internal.EmailSubscription: java.lang.String getEmail()
com.onesignal.location.internal.capture.ILocationCapturer: boolean getLocationCoarse()
io.flutter.embedding.engine.FlutterJNI: void nativeRunBundleAndSnapshotFromLibrary(long,java.lang.String,java.lang.String,java.lang.String,android.content.res.AssetManager,java.util.List)
com.pichillilorenzo.flutter_inappwebview_android.types.WebMessagePort$2: void onReceiveValue(java.lang.String)
com.onesignal.user.IUserManager: void removeSms(java.lang.String)
com.onesignal.location.internal.common.LocationPoint: void setAccuracy(java.lang.Float)
androidx.appcompat.app.AppCompatDelegateImpl$Api33Impl: android.window.OnBackInvokedCallback registerOnBackPressedCallback(java.lang.Object,androidx.appcompat.app.AppCompatDelegateImpl)
androidx.emoji2.text.ConcurrencyHelpers$Handler28Impl: android.os.Handler createAsync(android.os.Looper)
com.pichillilorenzo.flutter_inappwebview_android.types.AndroidResource: void setDefPackage(java.lang.String)
com.onesignal.notifications.internal.display.INotificationDisplayBuilder: void addNotificationActionButtons(org.json.JSONObject,com.onesignal.notifications.internal.display.impl.IntentGeneratorForAttachingToNotifications,androidx.core.app.NotificationCompat$Builder,int,java.lang.String)