android/app/build/outputs/mapping/release/usage.txt
com.example.vespa_app.BuildConfig
com.example.vespa_app.R$anim
com.example.vespa_app.R$animator
com.example.vespa_app.R$attr
com.example.vespa_app.R$bool
com.example.vespa_app.R$color
com.example.vespa_app.R$dimen
com.example.vespa_app.R$drawable
com.example.vespa_app.R$id
com.example.vespa_app.R$integer
com.example.vespa_app.R$interpolator
com.example.vespa_app.R$layout
com.example.vespa_app.R$menu
com.example.vespa_app.R$mipmap
com.example.vespa_app.R$raw
com.example.vespa_app.R$string
com.example.vespa_app.R$style
com.example.vespa_app.R$styleable
com.example.vespa_app.R$xml
com.example.vespa_app.R
...
androidx.room.AutoClosingRoomOpenHelper$AutoClosingSupportSQLiteDatabase$maximumSize$1
androidx.room.AutoClosingRoomOpenHelper$AutoClosingSupportSQLiteDatabase$needUpgrade$1
androidx.room.AutoClosingRoomOpenHelper$AutoClosingSupportSQLiteDatabase$pageSize$1
androidx.room.AutoClosingRoomOpenHelper$AutoClosingSupportSQLiteDatabase$pageSize$2
androidx.room.AutoClosingRoomOpenHelper$AutoClosingSupportSQLiteDatabase$setForeignKeyConstraintsEnabled$1
androidx.room.AutoClosingRoomOpenHelper$AutoClosingSupportSQLiteDatabase$setLocale$1
androidx.room.AutoClosingRoomOpenHelper$AutoClosingSupportSQLiteDatabase$setMaxSqlCacheSize$1
androidx.room.AutoClosingRoomOpenHelper$AutoClosingSupportSQLiteDatabase$setMaximumSize$1
androidx.room.AutoClosingRoomOpenHelper$AutoClosingSupportSQLiteDatabase$version$1
androidx.room.AutoClosingRoomOpenHelper$AutoClosingSupportSQLiteDatabase$yieldIfContendedSafely$1
androidx.room.AutoClosingRoomOpenHelper$AutoClosingSupportSQLiteDatabase$yieldIfContendedSafely$2
androidx.room.AutoClosingRoomOpenHelper$AutoClosingSupportSQLiteDatabase:
    public void beginTransactionWithListener(android.database.sqlite.SQLiteTransactionListener)
    public void beginTransactionWithListenerNonExclusive(android.database.sqlite.SQLiteTransactionListener)
    public int delete(java.lang.String,java.lang.String,java.lang.Object[])
    public void disableWriteAheadLogging()
    public boolean enableWriteAheadLogging()
    public long getMaximumSize()
    public long getPageSize()
    public int getVersion()
    public long insert(java.lang.String,int,android.content.ContentValues)
    public boolean isDatabaseIntegrityOk()
    public boolean isDbLockedByCurrentThread()
    public boolean isReadOnly()
    public boolean needUpgrade(int)
    public android.database.Cursor query(java.lang.String,java.lang.Object[])
    public void setForeignKeyConstraintsEnabled(boolean)
    public void setLocale(java.util.Locale)
    public void setMaxSqlCacheSize(int)
    public long setMaximumSize(long)
    public void setPageSize(long)
    public boolean yieldIfContendedSafely()
    public boolean yieldIfContendedSafely(long)
androidx.room.AutoClosingRoomOpenHelper$AutoClosingSupportSqliteStatement$execute$1
androidx.room.AutoClosingRoomOpenHelper$AutoClosingSupportSqliteStatement$simpleQueryForLong$1
androidx.room.AutoClosingRoomOpenHelper$AutoClosingSupportSqliteStatement$simpleQueryForString$1
androidx.room.AutoClosingRoomOpenHelper$AutoClosingSupportSqliteStatement:
    public void clearBindings()
    public void execute()
    public long simpleQueryForLong()
    public java.lang.String simpleQueryForString()
androidx.room.AutoMigration
androidx.room.BuiltInTypeConverters$State
androidx.room.BuiltInTypeConverters
androidx.room.ColumnInfo$Collate
androidx.room.ColumnInfo$Companion
androidx.room.ColumnInfo$SQLiteTypeAffinity
androidx.room.ColumnInfo
androidx.room.Dao
androidx.room.Database